CRITICAL - 2021-11-23 22:11:02 --> Undefined variable: logged_in_user
#0 C:\xampp\htdocs\codeigniter4\app\Views\Front\layout\footer.php(4): CodeIgniter\Debug\Exceptions->errorHandler(8, 'Undefined varia...', 'C:\\xampp\\htdocs...', 4, Array)
#1 C:\xampp\htdocs\codeigniter4\system\View\View.php(214): include('C:\\xampp\\htdocs...')
#2 C:\xampp\htdocs\codeigniter4\system\View\View.php(217): CodeIgniter\View\View->CodeIgniter\View\{closure}()
#3 C:\xampp\htdocs\codeigniter4\system\View\View.php(432): CodeIgniter\View\View->render('Front/layout/fo...', NULL, true)
#4 C:\xampp\htdocs\codeigniter4\app\Views\Front\layout\main.php(17): CodeIgniter\View\View->include('Front/layout/fo...')
#5 C:\xampp\htdocs\codeigniter4\system\View\View.php(214): include('C:\\xampp\\htdocs...')
#6 C:\xampp\htdocs\codeigniter4\system\View\View.php(217): CodeIgniter\View\View->CodeIgniter\View\{closure}()
#7 C:\xampp\htdocs\codeigniter4\system\View\View.php(230): CodeIgniter\View\View->render('Front/layout/ma...', Array, true)
#8 C:\xampp\htdocs\codeigniter4\system\Common.php(1097): CodeIgniter\View\View->render('Front/home', Array, true)
#9 C:\xampp\htdocs\codeigniter4\app\Controllers\Front\Home.php(11): view('Front/home')
#10 C:\xampp\htdocs\codeigniter4\system\CodeIgniter.php(824): App\Controllers\Front\Home->index()
#11 C:\xampp\htdocs\codeigniter4\system\CodeIgniter.php(410): CodeIgniter\CodeIgniter->runController(Object(App\Controllers\Front\Home))
#12 C:\xampp\htdocs\codeigniter4\system\CodeIgniter.php(318): CodeIgniter\CodeIgniter->handleRequest(NULL, Object(Config\Cache), false)
#13 C:\xampp\htdocs\codeigniter4\index.php(37): CodeIgniter\CodeIgniter->run()
#14 {main}
CRITICAL - 2021-11-23 22:11:05 --> Undefined variable: logged_in_user
#0 C:\xampp\htdocs\codeigniter4\app\Views\Front\layout\footer.php(4): CodeIgniter\Debug\Exceptions->errorHandler(8, 'Undefined varia...', 'C:\\xampp\\htdocs...', 4, Array)
#1 C:\xampp\htdocs\codeigniter4\system\View\View.php(214): include('C:\\xampp\\htdocs...')
#2 C:\xampp\htdocs\codeigniter4\system\View\View.php(217): CodeIgniter\View\View->CodeIgniter\View\{closure}()
#3 C:\xampp\htdocs\codeigniter4\system\View\View.php(432): CodeIgniter\View\View->render('Front/layout/fo...', NULL, true)
#4 C:\xampp\htdocs\codeigniter4\app\Views\Front\layout\main.php(17): CodeIgniter\View\View->include('Front/layout/fo...')
#5 C:\xampp\htdocs\codeigniter4\system\View\View.php(214): include('C:\\xampp\\htdocs...')
#6 C:\xampp\htdocs\codeigniter4\system\View\View.php(217): CodeIgniter\View\View->CodeIgniter\View\{closure}()
#7 C:\xampp\htdocs\codeigniter4\system\View\View.php(230): CodeIgniter\View\View->render('Front/layout/ma...', Array, true)
#8 C:\xampp\htdocs\codeigniter4\system\Common.php(1097): CodeIgniter\View\View->render('Front/home', Array, true)
#9 C:\xampp\htdocs\codeigniter4\app\Controllers\Front\Home.php(11): view('Front/home')
#10 C:\xampp\htdocs\codeigniter4\system\CodeIgniter.php(824): App\Controllers\Front\Home->index()
#11 C:\xampp\htdocs\codeigniter4\system\CodeIgniter.php(410): CodeIgniter\CodeIgniter->runController(Object(App\Controllers\Front\Home))
#12 C:\xampp\htdocs\codeigniter4\system\CodeIgniter.php(318): CodeIgniter\CodeIgniter->handleRequest(NULL, Object(Config\Cache), false)
#13 C:\xampp\htdocs\codeigniter4\index.php(37): CodeIgniter\CodeIgniter->run()
#14 {main}
CRITICAL - 2021-11-23 22:12:04 --> Undefined variable: webdesarrollo
#0 C:\xampp\htdocs\codeigniter4\app\Views\Front\layout\footer.php(7): CodeIgniter\Debug\Exceptions->errorHandler(8, 'Undefined varia...', 'C:\\xampp\\htdocs...', 7, Array)
#1 C:\xampp\htdocs\codeigniter4\system\View\View.php(214): include('C:\\xampp\\htdocs...')
#2 C:\xampp\htdocs\codeigniter4\system\View\View.php(217): CodeIgniter\View\View->CodeIgniter\View\{closure}()
#3 C:\xampp\htdocs\codeigniter4\system\View\View.php(432): CodeIgniter\View\View->render('Front/layout/fo...', NULL, true)
#4 C:\xampp\htdocs\codeigniter4\app\Views\Front\layout\main.php(17): CodeIgniter\View\View->include('Front/layout/fo...')
#5 C:\xampp\htdocs\codeigniter4\system\View\View.php(214): include('C:\\xampp\\htdocs...')
#6 C:\xampp\htdocs\codeigniter4\system\View\View.php(217): CodeIgniter\View\View->CodeIgniter\View\{closure}()
#7 C:\xampp\htdocs\codeigniter4\system\View\View.php(230): CodeIgniter\View\View->render('Front/layout/ma...', Array, true)
#8 C:\xampp\htdocs\codeigniter4\system\Common.php(1097): CodeIgniter\View\View->render('Front/home', Array, true)
#9 C:\xampp\htdocs\codeigniter4\app\Controllers\Front\Home.php(11): view('Front/home')
#10 C:\xampp\htdocs\codeigniter4\system\CodeIgniter.php(824): App\Controllers\Front\Home->index()
#11 C:\xampp\htdocs\codeigniter4\system\CodeIgniter.php(410): CodeIgniter\CodeIgniter->runController(Object(App\Controllers\Front\Home))
#12 C:\xampp\htdocs\codeigniter4\system\CodeIgniter.php(318): CodeIgniter\CodeIgniter->handleRequest(NULL, Object(Config\Cache), false)
#13 C:\xampp\htdocs\codeigniter4\index.php(37): CodeIgniter\CodeIgniter->run()
#14 {main}
CRITICAL - 2021-11-23 22:18:19 --> Undefined variable: system_title
#0 C:\xampp\htdocs\codeigniter4\app\Views\Front\layout\header.php(5): CodeIgniter\Debug\Exceptions->errorHandler(8, 'Undefined varia...', 'C:\\xampp\\htdocs...', 5, Array)
#1 C:\xampp\htdocs\codeigniter4\system\View\View.php(214): include('C:\\xampp\\htdocs...')
#2 C:\xampp\htdocs\codeigniter4\system\View\View.php(217): CodeIgniter\View\View->CodeIgniter\View\{closure}()
#3 C:\xampp\htdocs\codeigniter4\system\View\View.php(432): CodeIgniter\View\View->render('Front/layout/he...', NULL, true)
#4 C:\xampp\htdocs\codeigniter4\app\Views\Front\layout\main.php(13): CodeIgniter\View\View->include('Front/layout/he...')
#5 C:\xampp\htdocs\codeigniter4\system\View\View.php(214): include('C:\\xampp\\htdocs...')
#6 C:\xampp\htdocs\codeigniter4\system\View\View.php(217): CodeIgniter\View\View->CodeIgniter\View\{closure}()
#7 C:\xampp\htdocs\codeigniter4\system\View\View.php(230): CodeIgniter\View\View->render('Front/layout/ma...', Array, true)
#8 C:\xampp\htdocs\codeigniter4\system\Common.php(1097): CodeIgniter\View\View->render('Front/home', Array, true)
#9 C:\xampp\htdocs\codeigniter4\app\Controllers\Front\Home.php(11): view('Front/home')
#10 C:\xampp\htdocs\codeigniter4\system\CodeIgniter.php(824): App\Controllers\Front\Home->index()
#11 C:\xampp\htdocs\codeigniter4\system\CodeIgniter.php(410): CodeIgniter\CodeIgniter->runController(Object(App\Controllers\Front\Home))
#12 C:\xampp\htdocs\codeigniter4\system\CodeIgniter.php(318): CodeIgniter\CodeIgniter->handleRequest(NULL, Object(Config\Cache), false)
#13 C:\xampp\htdocs\codeigniter4\index.php(37): CodeIgniter\CodeIgniter->run()
#14 {main}
